{"level":"info","message":"GET /products","timestamp":"2024-10-08T15:20:44.905Z"}
{"level":"info","message":"GET /products","timestamp":"2024-10-08T15:21:22.562Z"}
{"level":"info","message":"GET /products","timestamp":"2024-10-08T15:21:23.334Z"}
{"level":"info","message":"GET /products","timestamp":"2024-10-08T15:21:23.873Z"}
{"level":"info","message":"GET /products","timestamp":"2024-10-08T15:21:24.356Z"}
{"level":"info","message":"STATUS 200 : GET /v2/products","timestamp":"2024-11-16T21:45:53.306Z"}
{"level":"info","message":"STATUS 200 : GET /v2/products","timestamp":"2024-11-16T21:53:18.489Z"}
{"level":"info","message":"STATUS 200 : GET /v2/products","timestamp":"2024-11-16T21:54:02.088Z"}
{"level":"error","message":"STATUS 401 : POST /users/login","timestamp":"2024-11-17T00:44:00.128Z"}
{"level":"error","message":"STATUS 401 : POST /users/login","timestamp":"2024-11-17T00:47:06.560Z"}
{"level":"error","message":"STATUS 401 : POST /users/login","timestamp":"2024-11-17T00:48:11.448Z"}
{"level":"error","message":"STATUS 401 : POST /users/login","timestamp":"2024-11-17T00:55:10.278Z"}
{"level":"error","message":"STATUS 401 : POST /users/login","timestamp":"2024-11-17T00:55:42.819Z"}
{"level":"error","message":"STATUS 400 : POST /users/login","timestamp":"2024-11-17T01:39:33.744Z"}
{"level":"error","message":"STATUS 400 : POST /users/login","timestamp":"2024-11-17T01:43:21.583Z"}
{"level":"error","message":"STATUS 400 : POST /users/login","timestamp":"2024-11-17T01:45:43.182Z"}
{"level":"error","message":"STATUS 401 : POST /users/login","timestamp":"2024-11-17T01:49:42.089Z"}
{"level":"error","message":"STATUS 401 : POST /users/login","timestamp":"2024-11-17T01:49:42.114Z"}
{"level":"error","message":"STATUS 401 : POST /users/login","timestamp":"2024-11-17T01:49:42.119Z"}
{"level":"error","message":"STATUS 400 : POST /users/login","timestamp":"2024-11-17T01:50:01.375Z"}
{"level":"error","message":"STATUS 400 : POST /v2/users/register","timestamp":"2024-11-17T02:18:46.034Z"}
{"level":"error","message":"STATUS 401 : POST /users/login","timestamp":"2024-11-17T02:18:46.079Z"}
{"level":"error","message":"STATUS 401 : POST /users/login","timestamp":"2024-11-17T02:18:46.100Z"}
{"level":"error","message":"STATUS 401 : POST /users/login","timestamp":"2024-11-17T02:18:46.106Z"}
{"level":"error","message":"STATUS 400 : POST /v2/users/register","timestamp":"2024-11-17T02:18:46.124Z"}
{"level":"error","message":"STATUS 400 : POST /v2/users/register","timestamp":"2024-11-17T02:18:46.135Z"}
{"level":"error","message":"STATUS 400 : POST /users/login","timestamp":"2024-11-17T02:18:46.216Z"}
{"level":"info","message":"STATUS 200 : GET /v2/products","timestamp":"2024-11-17T17:15:31.444Z"}
{"level":"error","message":"STATUS 400 : POST /v2/users/register","timestamp":"2024-11-17T19:15:47.148Z"}
{"level":"error","message":"STATUS 400 : POST /v2/users/register","timestamp":"2024-11-17T19:15:47.296Z"}
{"level":"error","message":"STATUS 400 : POST /v2/users/register","timestamp":"2024-11-17T19:15:47.315Z"}
{"level":"error","message":"STATUS 401 : POST /users/login","timestamp":"2024-11-17T19:15:47.457Z"}
{"level":"error","message":"STATUS 400 : POST /users/login","timestamp":"2024-11-17T19:15:47.496Z"}
{"level":"error","message":"STATUS 401 : POST /users/login","timestamp":"2024-11-17T19:15:47.521Z"}
{"level":"error","message":"STATUS 401 : POST /users/login","timestamp":"2024-11-17T19:15:47.539Z"}
{"level":"error","message":"STATUS 401 : POST /users/login","timestamp":"2024-11-17T19:24:33.045Z"}
{"level":"error","message":"STATUS 401 : POST /users/login","timestamp":"2024-11-17T19:24:33.079Z"}
{"level":"error","message":"STATUS 401 : POST /users/login","timestamp":"2024-11-17T19:24:33.087Z"}
{"level":"error","message":"STATUS 400 : POST /v2/users/register","timestamp":"2024-11-17T19:24:33.410Z"}
{"level":"error","message":"STATUS 400 : POST /v2/users/register","timestamp":"2024-11-17T19:24:33.553Z"}
{"level":"error","message":"STATUS 400 : POST /v2/users/register","timestamp":"2024-11-17T19:24:33.570Z"}
{"level":"error","message":"STATUS 400 : POST /users/login","timestamp":"2024-11-17T19:24:33.698Z"}
{"level":"error","message":"STATUS 401 : POST /users/login","timestamp":"2024-11-17T19:27:13.185Z"}
{"level":"error","message":"STATUS 401 : POST /users/login","timestamp":"2024-11-17T19:27:13.236Z"}
{"level":"error","message":"STATUS 401 : POST /users/login","timestamp":"2024-11-17T19:27:13.254Z"}
{"level":"error","message":"STATUS 401 : POST /users/login","timestamp":"2024-11-17T19:30:01.494Z"}
{"level":"error","message":"STATUS 401 : POST /users/login","timestamp":"2024-11-17T19:30:01.537Z"}
{"level":"error","message":"STATUS 401 : POST /users/login","timestamp":"2024-11-17T19:30:01.547Z"}
{"level":"error","message":"STATUS 400 : POST /v2/users/register","timestamp":"2024-11-17T19:30:03.168Z"}
{"level":"error","message":"STATUS 400 : POST /v2/users/register","timestamp":"2024-11-17T19:30:03.287Z"}
{"level":"error","message":"STATUS 400 : POST /v2/users/register","timestamp":"2024-11-17T19:30:03.304Z"}
{"level":"error","message":"STATUS 400 : POST /users/login","timestamp":"2024-11-17T19:30:03.467Z"}
{"level":"error","message":"STATUS 401 : POST /users/login","timestamp":"2024-11-17T19:30:20.298Z"}
{"level":"error","message":"STATUS 401 : POST /users/login","timestamp":"2024-11-17T19:30:20.343Z"}
{"level":"error","message":"STATUS 401 : POST /users/login","timestamp":"2024-11-17T19:30:20.356Z"}
{"level":"error","message":"STATUS 401 : POST /users/login","timestamp":"2024-11-17T19:30:40.818Z"}
{"level":"error","message":"STATUS 400 : POST /v2/users/register","timestamp":"2024-11-17T19:30:40.847Z"}
{"level":"error","message":"STATUS 401 : POST /users/login","timestamp":"2024-11-17T19:30:40.855Z"}
{"level":"error","message":"STATUS 401 : POST /users/login","timestamp":"2024-11-17T19:30:40.872Z"}
{"level":"error","message":"STATUS 400 : POST /v2/users/register","timestamp":"2024-11-17T19:30:41.006Z"}
{"level":"error","message":"STATUS 400 : POST /v2/users/register","timestamp":"2024-11-17T19:30:41.026Z"}
{"level":"error","message":"STATUS 400 : POST /users/login","timestamp":"2024-11-17T19:30:41.160Z"}
{"level":"error","message":"STATUS 401 : POST /users/login","timestamp":"2024-11-17T19:37:59.853Z"}
{"level":"error","message":"STATUS 401 : POST /users/login","timestamp":"2024-11-17T19:37:59.897Z"}
{"level":"error","message":"STATUS 401 : POST /users/login","timestamp":"2024-11-17T19:37:59.908Z"}
{"level":"error","message":"STATUS 400 : POST /v2/users/register","timestamp":"2024-11-17T19:38:01.548Z"}
{"level":"error","message":"STATUS 400 : POST /v2/users/register","timestamp":"2024-11-17T19:38:01.712Z"}
{"level":"error","message":"STATUS 400 : POST /v2/users/register","timestamp":"2024-11-17T19:38:01.739Z"}
{"level":"error","message":"STATUS 400 : POST /users/login","timestamp":"2024-11-17T19:38:01.865Z"}
{"level":"info","message":"STATUS 200 : GET /v2/products","timestamp":"2024-11-17T19:54:08.079Z"}
{"level":"error","message":"STATUS 403 : DELETE /products/:id","timestamp":"2024-11-17T19:57:25.078Z"}
{"level":"error","message":"STATUS 403 : DELETE /products/:id","timestamp":"2024-11-17T19:57:33.994Z"}
{"level":"error","message":"STATUS 403 : PUT /products/:id","timestamp":"2024-11-17T19:57:48.417Z"}
{"level":"error","message":"STATUS 403 : DELETE /products/:id","timestamp":"2024-11-17T19:57:58.717Z"}
{"level":"error","message":"STATUS 403 : PUT /products/:id","timestamp":"2024-11-17T19:58:01.280Z"}
{"level":"error","message":"STATUS 403 : POST /products","timestamp":"2024-11-17T19:58:03.182Z"}
{"level":"error","message":"STATUS 401 : POST /users/login","timestamp":"2024-11-17T19:58:52.853Z"}
{"level":"error","message":"STATUS 401 : POST /users/login","timestamp":"2024-11-17T19:58:52.900Z"}
{"level":"error","message":"STATUS 401 : POST /users/login","timestamp":"2024-11-17T19:58:52.921Z"}
{"level":"error","message":"STATUS 400 : POST /v2/users/register","timestamp":"2024-11-17T19:58:53.085Z"}
{"level":"error","message":"STATUS 400 : POST /v2/users/register","timestamp":"2024-11-17T19:58:53.225Z"}
{"level":"error","message":"STATUS 400 : POST /v2/users/register","timestamp":"2024-11-17T19:58:53.241Z"}
{"level":"error","message":"STATUS 400 : POST /users/login","timestamp":"2024-11-17T19:58:53.340Z"}
{"level":"error","message":"STATUS 401 : POST /users/login","timestamp":"2024-11-17T20:31:17.440Z"}
{"level":"error","message":"STATUS 401 : POST /users/login","timestamp":"2024-11-17T20:31:17.473Z"}
{"level":"error","message":"STATUS 401 : POST /users/login","timestamp":"2024-11-17T20:31:17.478Z"}
{"level":"info","message":"STATUS 400 : POST /v2/users/register","timestamp":"2024-11-17T20:31:17.482Z"}
{"level":"info","message":"STATUS 400 : POST /v2/users/register","timestamp":"2024-11-17T20:31:17.513Z"}
{"level":"info","message":"STATUS 400 : POST /v2/users/register","timestamp":"2024-11-17T20:31:17.522Z"}
{"level":"error","message":"STATUS 400 : POST /users/login","timestamp":"2024-11-17T20:31:17.634Z"}
{"level":"info","message":"STATUS 400 : POST /v2/users/register","timestamp":"2024-11-17T20:32:46.605Z"}
{"level":"info","message":"STATUS 400 : POST /v2/users/register","timestamp":"2024-11-17T20:32:46.636Z"}
{"level":"info","message":"STATUS 400 : POST /v2/users/register","timestamp":"2024-11-17T20:32:46.643Z"}
{"level":"error","message":"STATUS 400 : POST /users/login","timestamp":"2024-11-17T20:32:46.735Z"}
{"level":"info","message":"STATUS 400 : POST /v2/users/register","timestamp":"2024-11-17T20:33:52.811Z"}
{"level":"info","message":"STATUS 400 : POST /v2/users/register","timestamp":"2024-11-17T20:33:52.835Z"}
{"level":"info","message":"STATUS 400 : POST /v2/users/register","timestamp":"2024-11-17T20:33:52.840Z"}
{"level":"error","message":"STATUS 400 : POST /users/login","timestamp":"2024-11-17T20:33:52.932Z"}
{"level":"info","message":"STATUS 400 : POST /v2/users/register","timestamp":"2024-11-17T20:36:27.244Z"}
{"level":"info","message":"STATUS 400 : POST /v2/users/register","timestamp":"2024-11-17T20:36:27.270Z"}
{"level":"info","message":"STATUS 400 : POST /v2/users/register","timestamp":"2024-11-17T20:36:27.281Z"}
{"level":"error","message":"STATUS 401 : POST /users/login","timestamp":"2024-11-17T20:36:27.296Z"}
{"level":"error","message":"STATUS 400 : POST /users/login","timestamp":"2024-11-17T20:36:27.302Z"}
{"level":"info","message":"STATUS 400 : POST /v2/users/register","timestamp":"2024-11-17T20:52:15.806Z"}
{"level":"info","message":"STATUS 400 : POST /v2/users/register","timestamp":"2024-11-17T20:52:15.831Z"}
{"level":"info","message":"STATUS 400 : POST /v2/users/register","timestamp":"2024-11-17T20:52:15.838Z"}
{"level":"error","message":"STATUS 401 : undefined undefined","timestamp":"2024-11-17T20:52:16.308Z"}
{"level":"error","message":"STATUS 400 : POST /users/login","timestamp":"2024-11-17T20:52:16.312Z"}
{"level":"info","message":"STATUS 400 : POST /v2/users/register","timestamp":"2024-11-17T20:52:47.027Z"}
{"level":"info","message":"STATUS 400 : POST /v2/users/register","timestamp":"2024-11-17T20:52:47.055Z"}
{"level":"info","message":"STATUS 400 : POST /v2/users/register","timestamp":"2024-11-17T20:52:47.060Z"}
{"level":"error","message":"STATUS 401 : undefined undefined","timestamp":"2024-11-17T20:52:47.318Z"}
{"level":"error","message":"STATUS 400 : POST /users/login","timestamp":"2024-11-17T20:52:47.327Z"}
{"level":"info","message":"STATUS 400 : POST /v2/users/register","timestamp":"2024-11-17T20:53:39.495Z"}
{"level":"info","message":"STATUS 400 : POST /v2/users/register","timestamp":"2024-11-17T20:53:39.531Z"}
{"level":"info","message":"STATUS 400 : POST /v2/users/register","timestamp":"2024-11-17T20:53:39.541Z"}
{"level":"error","message":"STATUS 401 : undefined undefined","timestamp":"2024-11-17T20:53:40.074Z"}
{"level":"error","message":"STATUS 400 : POST /users/login","timestamp":"2024-11-17T20:53:40.083Z"}
{"level":"info","message":"STATUS 400 : POST /v2/users/register","timestamp":"2024-11-17T20:55:44.062Z"}
{"level":"info","message":"STATUS 400 : POST /v2/users/register","timestamp":"2024-11-17T20:55:44.089Z"}
{"level":"info","message":"STATUS 400 : POST /v2/users/register","timestamp":"2024-11-17T20:55:44.095Z"}
{"level":"error","message":"STATUS 401 : undefined undefined","timestamp":"2024-11-17T20:55:44.619Z"}
{"level":"error","message":"STATUS 400 : POST /users/login","timestamp":"2024-11-17T20:55:44.626Z"}
{"level":"info","message":"STATUS 400 : POST /v2/users/register","timestamp":"2024-11-17T20:56:25.885Z"}
{"level":"info","message":"STATUS 400 : POST /v2/users/register","timestamp":"2024-11-17T20:56:25.915Z"}
{"level":"info","message":"STATUS 400 : POST /v2/users/register","timestamp":"2024-11-17T20:56:25.920Z"}
{"level":"error","message":"STATUS 401 : undefined undefined","timestamp":"2024-11-17T20:56:26.306Z"}
{"level":"error","message":"STATUS 400 : POST /users/login","timestamp":"2024-11-17T20:56:26.311Z"}
{"level":"info","message":"STATUS 201 : POST /v2/users/register","timestamp":"2024-11-17T20:59:34.143Z"}
{"level":"info","message":"STATUS 400 : POST /v2/users/register","timestamp":"2024-11-17T20:59:34.164Z"}
{"level":"info","message":"STATUS 400 : POST /v2/users/register","timestamp":"2024-11-17T20:59:34.171Z"}
{"level":"info","message":"STATUS 200 : undefined undefined","timestamp":"2024-11-17T20:59:34.258Z"}
{"level":"error","message":"STATUS 400 : POST /users/login","timestamp":"2024-11-17T20:59:34.262Z"}
{"level":"info","message":"STATUS 201 : POST /v2/users/register","timestamp":"2024-11-17T21:01:28.154Z"}
{"level":"info","message":"STATUS 400 : POST /v2/users/register","timestamp":"2024-11-17T21:01:28.170Z"}
{"level":"info","message":"STATUS 400 : POST /v2/users/register","timestamp":"2024-11-17T21:01:28.177Z"}
{"level":"info","message":"STATUS 200 : undefined undefined","timestamp":"2024-11-17T21:01:28.276Z"}
{"level":"error","message":"STATUS 400 : POST /users/login","timestamp":"2024-11-17T21:01:28.284Z"}
{"level":"info","message":"STATUS 201 : POST /v2/users/register","timestamp":"2024-11-17T21:02:15.379Z"}
{"level":"info","message":"STATUS 400 : POST /v2/users/register","timestamp":"2024-11-17T21:02:15.399Z"}
{"level":"info","message":"STATUS 400 : POST /v2/users/register","timestamp":"2024-11-17T21:02:15.416Z"}
{"level":"info","message":"STATUS 200 : undefined undefined","timestamp":"2024-11-17T21:02:15.509Z"}
{"level":"error","message":"STATUS 400 : POST /users/login","timestamp":"2024-11-17T21:02:15.516Z"}
{"level":"error","message":"STATUS 401 : POST /users/login","timestamp":"2024-11-17T21:04:33.618Z"}
{"level":"error","message":"STATUS 401 : POST /users/login","timestamp":"2024-11-17T21:04:33.641Z"}
{"level":"error","message":"STATUS 401 : POST /users/login","timestamp":"2024-11-17T21:04:33.646Z"}
{"level":"info","message":"STATUS 201 : POST /v2/users/register","timestamp":"2024-11-17T21:04:33.822Z"}
{"level":"info","message":"STATUS 400 : POST /v2/users/register","timestamp":"2024-11-17T21:04:33.837Z"}
{"level":"info","message":"STATUS 400 : POST /v2/users/register","timestamp":"2024-11-17T21:04:33.842Z"}
{"level":"info","message":"STATUS 200 : undefined undefined","timestamp":"2024-11-17T21:04:33.935Z"}
{"level":"error","message":"STATUS 400 : POST /users/login","timestamp":"2024-11-17T21:04:33.945Z"}
{"level":"error","message":"STATUS 401 : POST /users/login","timestamp":"2024-11-17T21:08:45.809Z"}
{"level":"error","message":"STATUS 401 : POST /users/login","timestamp":"2024-11-17T21:08:45.834Z"}
{"level":"error","message":"STATUS 401 : POST /users/login","timestamp":"2024-11-17T21:08:45.838Z"}
{"level":"info","message":"STATUS 201 : POST /v2/users/register","timestamp":"2024-11-17T21:08:46.089Z"}
{"level":"info","message":"STATUS 400 : POST /v2/users/register","timestamp":"2024-11-17T21:08:46.104Z"}
{"level":"info","message":"STATUS 400 : POST /v2/users/register","timestamp":"2024-11-17T21:08:46.111Z"}
{"level":"info","message":"STATUS 200 : undefined undefined","timestamp":"2024-11-17T21:08:46.206Z"}
{"level":"error","message":"STATUS 400 : POST /users/login","timestamp":"2024-11-17T21:08:46.215Z"}
{"level":"error","message":"STATUS 400 : POST /v2/users/register","timestamp":"2024-11-17T21:10:48.262Z"}
{"level":"info","message":"STATUS 400 : POST /v2/users/register","timestamp":"2024-11-17T21:10:48.278Z"}
{"level":"info","message":"STATUS 400 : POST /v2/users/register","timestamp":"2024-11-17T21:10:48.284Z"}
{"level":"error","message":"STATUS 401 : POST /users/login","timestamp":"2024-11-17T21:10:48.376Z"}
{"level":"error","message":"STATUS 401 : POST /users/login","timestamp":"2024-11-17T21:10:48.404Z"}
{"level":"error","message":"STATUS 401 : POST /users/login","timestamp":"2024-11-17T21:10:48.411Z"}
{"level":"info","message":"STATUS 200 : undefined undefined","timestamp":"2024-11-17T21:10:48.611Z"}
{"level":"error","message":"STATUS 400 : POST /users/login","timestamp":"2024-11-17T21:10:48.615Z"}
{"level":"error","message":"STATUS 400 : POST /v2/users/register","timestamp":"2024-11-17T21:16:44.795Z"}
{"level":"info","message":"STATUS 400 : POST /v2/users/register","timestamp":"2024-11-17T21:16:44.819Z"}
{"level":"info","message":"STATUS 400 : POST /v2/users/register","timestamp":"2024-11-17T21:16:44.829Z"}
{"level":"info","message":"STATUS 200 : undefined undefined","timestamp":"2024-11-17T21:16:44.937Z"}
{"level":"error","message":"STATUS 400 : POST /users/login","timestamp":"2024-11-17T21:16:44.948Z"}
{"level":"error","message":"STATUS 401 : POST /users/login","timestamp":"2024-11-17T21:16:45.227Z"}
{"level":"error","message":"STATUS 401 : POST /users/login","timestamp":"2024-11-17T21:16:45.252Z"}
{"level":"error","message":"STATUS 401 : POST /users/login","timestamp":"2024-11-17T21:16:45.260Z"}
{"level":"error","message":"STATUS 400 : POST /v2/users/register","timestamp":"2024-11-17T21:17:43.228Z"}
{"level":"info","message":"STATUS 400 : POST /v2/users/register","timestamp":"2024-11-17T21:17:43.249Z"}
{"level":"info","message":"STATUS 400 : POST /v2/users/register","timestamp":"2024-11-17T21:17:43.256Z"}
{"level":"error","message":"STATUS 401 : undefined undefined","timestamp":"2024-11-17T21:17:43.296Z"}
{"level":"error","message":"STATUS 400 : POST /users/login","timestamp":"2024-11-17T21:17:43.303Z"}
{"level":"error","message":"STATUS 401 : POST /users/login","timestamp":"2024-11-17T21:17:43.414Z"}
{"level":"error","message":"STATUS 401 : POST /users/login","timestamp":"2024-11-17T21:17:43.441Z"}
{"level":"error","message":"STATUS 401 : POST /users/login","timestamp":"2024-11-17T21:17:43.456Z"}
{"level":"error","message":"STATUS 401 : POST /users/login","timestamp":"2024-11-17T21:18:11.594Z"}
{"level":"error","message":"STATUS 401 : POST /users/login","timestamp":"2024-11-17T21:18:11.624Z"}
{"level":"error","message":"STATUS 401 : POST /users/login","timestamp":"2024-11-17T21:18:11.628Z"}
{"level":"info","message":"STATUS 201 : POST /v2/users/register","timestamp":"2024-11-17T21:18:12.257Z"}
{"level":"info","message":"STATUS 400 : POST /v2/users/register","timestamp":"2024-11-17T21:18:12.271Z"}
{"level":"info","message":"STATUS 400 : POST /v2/users/register","timestamp":"2024-11-17T21:18:12.278Z"}
{"level":"info","message":"STATUS 200 : undefined undefined","timestamp":"2024-11-17T21:18:12.367Z"}
{"level":"error","message":"STATUS 400 : POST /users/login","timestamp":"2024-11-17T21:18:12.371Z"}
{"level":"error","message":"STATUS 401 : POST /users/login","timestamp":"2024-11-17T21:20:40.861Z"}
{"level":"error","message":"STATUS 401 : POST /users/login","timestamp":"2024-11-17T21:20:40.884Z"}
{"level":"error","message":"STATUS 401 : POST /users/login","timestamp":"2024-11-17T21:20:40.888Z"}
{"level":"info","message":"STATUS 201 : POST /v2/users/register","timestamp":"2024-11-17T21:20:41.415Z"}
{"level":"info","message":"STATUS 400 : POST /v2/users/register","timestamp":"2024-11-17T21:20:41.433Z"}
{"level":"info","message":"STATUS 400 : POST /v2/users/register","timestamp":"2024-11-17T21:20:41.440Z"}
{"level":"info","message":"STATUS 200 : undefined undefined","timestamp":"2024-11-17T21:20:41.535Z"}
{"level":"error","message":"STATUS 400 : POST /users/login","timestamp":"2024-11-17T21:20:41.542Z"}
{"level":"error","message":"STATUS 401 : POST /users/login","timestamp":"2024-11-17T21:21:32.506Z"}
{"level":"error","message":"STATUS 401 : POST /users/login","timestamp":"2024-11-17T21:21:32.524Z"}
{"level":"error","message":"STATUS 401 : POST /users/login","timestamp":"2024-11-17T21:21:32.528Z"}
{"level":"error","message":"STATUS 400 : POST /v2/users/register","timestamp":"2024-11-17T21:21:32.856Z"}
{"level":"info","message":"STATUS 400 : POST /v2/users/register","timestamp":"2024-11-17T21:21:32.909Z"}
{"level":"info","message":"STATUS 400 : POST /v2/users/register","timestamp":"2024-11-17T21:21:32.925Z"}
{"level":"error","message":"STATUS 401 : undefined undefined","timestamp":"2024-11-17T21:21:32.988Z"}
{"level":"error","message":"STATUS 400 : POST /users/login","timestamp":"2024-11-17T21:21:32.994Z"}
{"level":"error","message":"STATUS 401 : POST /users/login","timestamp":"2024-11-17T21:21:50.319Z"}
{"level":"error","message":"STATUS 401 : POST /users/login","timestamp":"2024-11-17T21:21:50.341Z"}
{"level":"error","message":"STATUS 401 : POST /users/login","timestamp":"2024-11-17T21:21:50.346Z"}
{"level":"error","message":"STATUS 400 : POST /v2/users/register","timestamp":"2024-11-17T21:21:50.733Z"}
{"level":"info","message":"STATUS 400 : POST /v2/users/register","timestamp":"2024-11-17T21:21:50.755Z"}
{"level":"info","message":"STATUS 400 : POST /v2/users/register","timestamp":"2024-11-17T21:21:50.776Z"}
{"level":"error","message":"STATUS 401 : undefined undefined","timestamp":"2024-11-17T21:21:50.829Z"}
{"level":"error","message":"STATUS 400 : POST /users/login","timestamp":"2024-11-17T21:21:50.834Z"}
{"level":"error","message":"STATUS 401 : POST /users/login","timestamp":"2024-11-17T21:23:20.502Z"}
{"level":"error","message":"STATUS 401 : POST /users/login","timestamp":"2024-11-17T21:23:20.524Z"}
{"level":"error","message":"STATUS 401 : POST /users/login","timestamp":"2024-11-17T21:23:20.533Z"}
{"level":"error","message":"STATUS 400 : POST /v2/users/register","timestamp":"2024-11-17T21:23:20.985Z"}
{"level":"info","message":"STATUS 400 : POST /v2/users/register","timestamp":"2024-11-17T21:23:21.022Z"}
{"level":"info","message":"STATUS 400 : POST /v2/users/register","timestamp":"2024-11-17T21:23:21.031Z"}
{"level":"error","message":"STATUS 401 : undefined undefined","timestamp":"2024-11-17T21:23:21.057Z"}
{"level":"error","message":"STATUS 400 : POST /users/login","timestamp":"2024-11-17T21:23:21.062Z"}
